<?xml version="1.0" encoding="UTF-8"?>
<!-- Generated by org.testng.reporters.JUnitXMLReporter -->
<testsuite hostname="shashikumar-v" ignored="0" name="Surefire test" tests="3" failures="0" timestamp="2022-05-11T10:48:57 IST" time="0.113" errors="0">
  <testcase name="createconTest" time="0.013" classname="com.crm.comcast.contactTest.CreateModDelConTest"/>
  <testcase name="delconTest" time="0.0" classname="com.crm.comcast.contactTest.CreateModDelConTest"/>
  <testcase name="modconTest" time="0.001" classname="com.crm.comcast.contactTest.CreateModDelConTest"/>
</testsuite> <!-- Surefire test -->
