<?xml version="1.0" encoding="UTF-8"?>
<!-- Generated by org.testng.reporters.JUnitXMLReporter -->
<testsuite hostname="shashikumar-v" ignored="0" name="Command line test" tests="9" failures="0" timestamp="2022-05-10T13:03:23 IST" time="0.305" errors="0">
  <testcase name="createCampTest" time="0.014" classname="com.crm.comcast.campaignTest.CreateModDelCampTest"/>
  <testcase name="delCampTest" time="0.0" classname="com.crm.comcast.campaignTest.CreateModDelCampTest"/>
  <testcase name="modCampTest" time="0.001" classname="com.crm.comcast.campaignTest.CreateModDelCampTest"/>
  <testcase name="createconTest" time="0.0" classname="com.crm.comcast.contactTest.CreateModDelConTest"/>
  <testcase name="delconTest" time="0.0" classname="com.crm.comcast.contactTest.CreateModDelConTest"/>
  <testcase name="modconTest" time="0.003" classname="com.crm.comcast.contactTest.CreateModDelConTest"/>
  <testcase name="createOrgTest" time="0.001" classname="com.crm.comcast.orgTest.CreateModDelOrgTest"/>
  <testcase name="delOrgTest" time="0.001" classname="com.crm.comcast.orgTest.CreateModDelOrgTest"/>
  <testcase name="modOrgTest" time="0.002" classname="com.crm.comcast.orgTest.CreateModDelOrgTest"/>
</testsuite> <!-- Command line test -->
