<?xml version="1.0" encoding="UTF-8"?>
<!-- Generated by org.testng.reporters.JUnitXMLReporter -->
<testsuite hostname="shashikumar-v" ignored="4" name="Test" tests="5" failures="0" timestamp="2022-05-11T10:46:37 IST" time="0.21" errors="0">
  <testcase name="delconTest" time="0.034" classname="com.crm.comcast.contactTest.CreateModDelConTest"/>
  <testcase name="modconTest" time="0.001" classname="com.crm.comcast.contactTest.CreateModDelConTest"/>
  <testcase name="delCampTest" time="0.002" classname="com.crm.comcast.campaignTest.CreateModDelCampTest"/>
  <testcase name="modCampTest" time="0.001" classname="com.crm.comcast.campaignTest.CreateModDelCampTest"/>
  <testcase name="delOrgTest" time="0.0" classname="com.crm.comcast.orgTest.CreateModDelOrgTest"/>
  <testcase name="createCampTest" time="0.0" classname="com.crm.comcast.campaignTest.CreateModDelCampTest">
    <ignored/>
  </testcase> <!-- createCampTest -->
  <testcase name="createOrgTest" time="0.0" classname="com.crm.comcast.orgTest.CreateModDelOrgTest">
    <ignored/>
  </testcase> <!-- createOrgTest -->
  <testcase name="createconTest" time="0.0" classname="com.crm.comcast.contactTest.CreateModDelConTest">
    <ignored/>
  </testcase> <!-- createconTest -->
  <testcase name="modOrgTest" time="0.0" classname="com.crm.comcast.orgTest.CreateModDelOrgTest">
    <ignored/>
  </testcase> <!-- modOrgTest -->
</testsuite> <!-- Test -->
